{"version":8,"type":"context-options","origin":"library","browserName":"","playwrightVersion":"1.57.0","options":{},"platform":"win32","wallTime":1766952914355,"monotonicTime":29364.037,"sdkLanguage":"javascript","contextId":"request-context@fe74f56adbd31713e37425e67e3c376a","title":"login-hub-selection.spec.ts:4 › after sign-in shows hub selection with two hubs"}
{"type":"before","callId":"call@13","startTime":29372.928,"class":"APIRequestContext","method":"fetch","params":{"url":"http://localhost:4000/api/test/users","method":"GET","timeout":10000},"stepId":"pw:api@36","beforeSnapshot":"before@call@13"}
{"type":"log","callId":"call@13","time":29390.581,"message":"→ GET http://localhost:4000/api/test/users"}
{"type":"log","callId":"call@13","time":29390.681,"message":"  user-agent: Mozilla/5.0 (Windows NT 10.0; Win64; x64) AppleWebKit/537.36 (KHTML, like Gecko) Chrome/143.0.7499.4 Safari/537.36"}
{"type":"log","callId":"call@13","time":29390.772,"message":"  accept: */*"}
{"type":"log","callId":"call@13","time":29390.94,"message":"  accept-encoding: gzip,deflate,br"}
{"type":"log","callId":"call@13","time":29413.479,"message":"← 200 OK"}
{"type":"log","callId":"call@13","time":29413.521,"message":"  x-powered-by: Express"}
{"type":"log","callId":"call@13","time":29413.538,"message":"  vary: Origin"}
{"type":"log","callId":"call@13","time":29413.55,"message":"  access-control-allow-credentials: true"}
{"type":"log","callId":"call@13","time":29413.562,"message":"  x-request-id: 8b6ddaa8-a3fc-4bb8-9eef-70ca3a57d05a"}
{"type":"log","callId":"call@13","time":29413.633,"message":"  content-type: application/json; charset=utf-8"}
{"type":"log","callId":"call@13","time":29413.655,"message":"  content-length: 39247"}
{"type":"log","callId":"call@13","time":29413.666,"message":"  etag: W/\"994f-VGnhb6zW/nRSEjR6BzAp6H/TzzA\""}
{"type":"log","callId":"call@13","time":29413.675,"message":"  date: Sun, 28 Dec 2025 20:15:14 GMT"}
{"type":"log","callId":"call@13","time":29413.685,"message":"  connection: keep-alive"}
{"type":"log","callId":"call@13","time":29413.693,"message":"  keep-alive: timeout=5"}
{"type":"after","callId":"call@13","endTime":29414.002,"result":{"response":{"url":"http://localhost:4000/api/test/users","status":200,"statusText":"OK","headers":[{"name":"X-Powered-By","value":"Express"},{"name":"Vary","value":"Origin"},{"name":"Access-Control-Allow-Credentials","value":"true"},{"name":"X-Request-Id","value":"8b6ddaa8-a3fc-4bb8-9eef-70ca3a57d05a"},{"name":"Content-Type","value":"application/json; charset=utf-8"},{"name":"Content-Length","value":"39247"},{"name":"ETag","value":"W/\"994f-VGnhb6zW/nRSEjR6BzAp6H/TzzA\""},{"name":"Date","value":"Sun, 28 Dec 2025 20:15:14 GMT"},{"name":"Connection","value":"keep-alive"},{"name":"Keep-Alive","value":"timeout=5"}],"fetchUid":"2fbde8555fad43bf7863ca44ce45f20c"}},"afterSnapshot":"after@call@13"}
{"type":"before","callId":"call@15","startTime":29418.175,"class":"APIRequestContext","method":"fetch","params":{"url":"http://localhost:4000/api/test/create-user","method":"POST","jsonData":"{\"email\":\"demo@haypbooks.test\",\"password\":\"password\",\"name\":\"Demo User\",\"isEmailVerified\":true,\"isAccountant\":true,\"role\":\"both\"}","timeout":10000},"stepId":"pw:api@37","beforeSnapshot":"before@call@15"}
{"type":"log","callId":"call@15","time":29420.261,"message":"→ POST http://localhost:4000/api/test/create-user"}
{"type":"log","callId":"call@15","time":29420.317,"message":"  user-agent: Mozilla/5.0 (Windows NT 10.0; Win64; x64) AppleWebKit/537.36 (KHTML, like Gecko) Chrome/143.0.7499.4 Safari/537.36"}
{"type":"log","callId":"call@15","time":29420.33,"message":"  accept: */*"}
{"type":"log","callId":"call@15","time":29420.339,"message":"  accept-encoding: gzip,deflate,br"}
{"type":"log","callId":"call@15","time":29420.347,"message":"  content-type: application/json"}
{"type":"log","callId":"call@15","time":29420.355,"message":"  content-length: 129"}
{"type":"log","callId":"call@15","time":29501.328,"message":"← 500 Internal Server Error"}
{"type":"log","callId":"call@15","time":29501.361,"message":"  x-powered-by: Express"}
{"type":"log","callId":"call@15","time":29501.376,"message":"  vary: Origin"}
{"type":"log","callId":"call@15","time":29501.387,"message":"  access-control-allow-credentials: true"}
{"type":"log","callId":"call@15","time":29501.397,"message":"  x-request-id: eb76456a-5347-45ab-b51a-04743ff640f2"}
{"type":"log","callId":"call@15","time":29501.407,"message":"  content-type: application/json; charset=utf-8"}
{"type":"log","callId":"call@15","time":29501.417,"message":"  content-length: 52"}
{"type":"log","callId":"call@15","time":29501.427,"message":"  etag: W/\"34-rlKccw1E+/fV8niQk4oFitDfPro\""}
{"type":"log","callId":"call@15","time":29501.436,"message":"  date: Sun, 28 Dec 2025 20:15:14 GMT"}
{"type":"log","callId":"call@15","time":29501.446,"message":"  connection: keep-alive"}
{"type":"log","callId":"call@15","time":29501.455,"message":"  keep-alive: timeout=5"}
{"type":"after","callId":"call@15","endTime":29501.628,"result":{"response":{"url":"http://localhost:4000/api/test/create-user","status":500,"statusText":"Internal Server Error","headers":[{"name":"X-Powered-By","value":"Express"},{"name":"Vary","value":"Origin"},{"name":"Access-Control-Allow-Credentials","value":"true"},{"name":"X-Request-Id","value":"eb76456a-5347-45ab-b51a-04743ff640f2"},{"name":"Content-Type","value":"application/json; charset=utf-8"},{"name":"Content-Length","value":"52"},{"name":"ETag","value":"W/\"34-rlKccw1E+/fV8niQk4oFitDfPro\""},{"name":"Date","value":"Sun, 28 Dec 2025 20:15:14 GMT"},{"name":"Connection","value":"keep-alive"},{"name":"Keep-Alive","value":"timeout=5"}],"fetchUid":"aea9b5717440f64f0505c75c9e1d89f3"}},"afterSnapshot":"after@call@15"}
{"type":"before","callId":"call@17","startTime":29512.653,"class":"APIRequestContext","method":"fetch","params":{"url":"http://localhost:4000/api/test/update-user","method":"POST","jsonData":"{\"email\":\"demo@haypbooks.test\",\"data\":{\"isAccountant\":true,\"role\":\"both\",\"preferredHub\":null}}","timeout":10000},"stepId":"pw:api@38","beforeSnapshot":"before@call@17"}
{"type":"log","callId":"call@17","time":29514.183,"message":"→ POST http://localhost:4000/api/test/update-user"}
{"type":"log","callId":"call@17","time":29514.217,"message":"  user-agent: Mozilla/5.0 (Windows NT 10.0; Win64; x64) AppleWebKit/537.36 (KHTML, like Gecko) Chrome/143.0.7499.4 Safari/537.36"}
{"type":"log","callId":"call@17","time":29514.237,"message":"  accept: */*"}
{"type":"log","callId":"call@17","time":29514.248,"message":"  accept-encoding: gzip,deflate,br"}
{"type":"log","callId":"call@17","time":29514.258,"message":"  content-type: application/json"}
{"type":"log","callId":"call@17","time":29514.267,"message":"  content-length: 94"}
{"type":"log","callId":"call@17","time":29524.719,"message":"← 201 Created"}
{"type":"log","callId":"call@17","time":29524.746,"message":"  x-powered-by: Express"}
{"type":"log","callId":"call@17","time":29524.758,"message":"  vary: Origin"}
{"type":"log","callId":"call@17","time":29524.767,"message":"  access-control-allow-credentials: true"}
{"type":"log","callId":"call@17","time":29524.775,"message":"  x-request-id: b3b25b0b-a71b-496c-99f0-97c03afbe730"}
{"type":"log","callId":"call@17","time":29524.783,"message":"  content-type: application/json; charset=utf-8"}
{"type":"log","callId":"call@17","time":29524.791,"message":"  content-length: 99"}
{"type":"log","callId":"call@17","time":29524.799,"message":"  etag: W/\"63-/RgTelRx8WsRx6mHYn6CuFOVwJw\""}
{"type":"log","callId":"call@17","time":29524.807,"message":"  date: Sun, 28 Dec 2025 20:15:14 GMT"}
{"type":"log","callId":"call@17","time":29524.815,"message":"  connection: keep-alive"}
{"type":"log","callId":"call@17","time":29524.823,"message":"  keep-alive: timeout=5"}
{"type":"after","callId":"call@17","endTime":29525.015,"result":{"response":{"url":"http://localhost:4000/api/test/update-user","status":201,"statusText":"Created","headers":[{"name":"X-Powered-By","value":"Express"},{"name":"Vary","value":"Origin"},{"name":"Access-Control-Allow-Credentials","value":"true"},{"name":"X-Request-Id","value":"b3b25b0b-a71b-496c-99f0-97c03afbe730"},{"name":"Content-Type","value":"application/json; charset=utf-8"},{"name":"Content-Length","value":"99"},{"name":"ETag","value":"W/\"63-/RgTelRx8WsRx6mHYn6CuFOVwJw\""},{"name":"Date","value":"Sun, 28 Dec 2025 20:15:14 GMT"},{"name":"Connection","value":"keep-alive"},{"name":"Keep-Alive","value":"timeout=5"}],"fetchUid":"9a17ec4f0aee301e19e00ff084e7253c"}},"afterSnapshot":"after@call@17"}
{"type":"before","callId":"call@19","startTime":29528.513,"class":"APIRequestContext","method":"fetch","params":{"url":"http://localhost:4000/api/auth/login","method":"POST","jsonData":"{\"email\":\"demo@haypbooks.test\",\"password\":\"password\"}","timeout":10000},"stepId":"pw:api@39","beforeSnapshot":"before@call@19"}
{"type":"log","callId":"call@19","time":29529.734,"message":"→ POST http://localhost:4000/api/auth/login"}
{"type":"log","callId":"call@19","time":29529.776,"message":"  user-agent: Mozilla/5.0 (Windows NT 10.0; Win64; x64) AppleWebKit/537.36 (KHTML, like Gecko) Chrome/143.0.7499.4 Safari/537.36"}
{"type":"log","callId":"call@19","time":29529.791,"message":"  accept: */*"}
{"type":"log","callId":"call@19","time":29529.801,"message":"  accept-encoding: gzip,deflate,br"}
{"type":"log","callId":"call@19","time":29529.81,"message":"  content-type: application/json"}
{"type":"log","callId":"call@19","time":29529.819,"message":"  content-length: 53"}
{"type":"log","callId":"call@19","time":29617.241,"message":"← 200 OK"}
{"type":"log","callId":"call@19","time":29617.288,"message":"  x-powered-by: Express"}
{"type":"log","callId":"call@19","time":29617.306,"message":"  vary: Origin"}
{"type":"log","callId":"call@19","time":29617.319,"message":"  access-control-allow-credentials: true"}
{"type":"log","callId":"call@19","time":29617.332,"message":"  x-request-id: ac876a29-4b02-408e-91a9-2011456821aa"}
{"type":"log","callId":"call@19","time":29617.345,"message":"  set-cookie: token=eyJhbGciOiJIUzI1NiIsInR5cCI6IkpXVCJ9.eyJzdWIiOiI0N2U3M2I2NC1iMDk0LTRmNjItYjI4Yi1hYjA1ZGM4ZGU5OGUiLCJlbWFpbCI6ImRlbW9AaGF5cGJvb2tzLnRlc3QiLCJyb2xlIjoiYm90aCIsImlhdCI6MTc2Njk1MjkxNCwiZXhwIjoxNzY2OTUzODE0fQ.mo095NV7d4yEaIh2toRunzPMtcHdAfAnB97JPitd0Gs; Max-Age=900; Path=/; Expires=Sun, 28 Dec 2025 20:30:14 GMT; HttpOnly; SameSite=Lax,refreshToken=eyJhbGciOiJIUzI1NiIsInR5cCI6IkpXVCJ9.eyJzdWIiOiI0N2U3M2I2NC1iMDk0LTRmNjItYjI4Yi1hYjA1ZGM4ZGU5OGUiLCJpYXQiOjE3NjY5NTI5MTQsImV4cCI6MTc2NzU1NzcxNH0.6v_1Topf4MBnS1Jktq4foXoMtXLoJ2vpyYNqZQFLB3c; Max-Age=604800; Path=/; Expires=Sun, 04 Jan 2026 20:15:14 GMT; HttpOnly; SameSite=Lax,email=demo%40haypbooks.test; Max-Age=604800; Path=/; Expires=Sun, 04 Jan 2026 20:15:14 GMT; HttpOnly; SameSite=Lax,userId=47e73b64-b094-4f62-b28b-ab05dc8de98e; Max-Age=604800; Path=/; Expires=Sun, 04 Jan 2026 20:15:14 GMT; HttpOnly; SameSite=Lax,role=both; Max-Age=604800; Path=/; Expires=Sun, 04 Jan 2026 20:15:14 GMT; HttpOnly; SameSite=Lax,onboardingComplete=; Path=/; Expires=Thu, 01 Jan 1970 00:00:00 GMT,onboardingOwnerComplete=; Path=/; Expires=Thu, 01 Jan 1970 00:00:00 GMT,onboardingAccountantComplete=; Path=/; Expires=Thu, 01 Jan 1970 00:00:00 GMT,isAccountant=true; Max-Age=604800; Path=/; Expires=Sun, 04 Jan 2026 20:15:14 GMT; HttpOnly; SameSite=Lax"}
{"type":"log","callId":"call@19","time":29617.362,"message":"  content-type: application/json; charset=utf-8"}
{"type":"log","callId":"call@19","time":29617.374,"message":"  content-length: 851"}
{"type":"log","callId":"call@19","time":29617.387,"message":"  etag: W/\"353-fRF+H7a17p+rJAJx4YjYXDO2C7o\""}
{"type":"log","callId":"call@19","time":29617.399,"message":"  date: Sun, 28 Dec 2025 20:15:14 GMT"}
{"type":"log","callId":"call@19","time":29617.412,"message":"  connection: keep-alive"}
{"type":"log","callId":"call@19","time":29617.424,"message":"  keep-alive: timeout=5"}
{"type":"after","callId":"call@19","endTime":29619.336,"result":{"response":{"url":"http://localhost:4000/api/auth/login","status":200,"statusText":"OK","headers":[{"name":"X-Powered-By","value":"Express"},{"name":"Vary","value":"Origin"},{"name":"Access-Control-Allow-Credentials","value":"true"},{"name":"X-Request-Id","value":"ac876a29-4b02-408e-91a9-2011456821aa"},{"name":"Set-Cookie","value":"token=eyJhbGciOiJIUzI1NiIsInR5cCI6IkpXVCJ9.eyJzdWIiOiI0N2U3M2I2NC1iMDk0LTRmNjItYjI4Yi1hYjA1ZGM4ZGU5OGUiLCJlbWFpbCI6ImRlbW9AaGF5cGJvb2tzLnRlc3QiLCJyb2xlIjoiYm90aCIsImlhdCI6MTc2Njk1MjkxNCwiZXhwIjoxNzY2OTUzODE0fQ.mo095NV7d4yEaIh2toRunzPMtcHdAfAnB97JPitd0Gs; Max-Age=900; Path=/; Expires=Sun, 28 Dec 2025 20:30:14 GMT; HttpOnly; SameSite=Lax"},{"name":"Set-Cookie","value":"refreshToken=eyJhbGciOiJIUzI1NiIsInR5cCI6IkpXVCJ9.eyJzdWIiOiI0N2U3M2I2NC1iMDk0LTRmNjItYjI4Yi1hYjA1ZGM4ZGU5OGUiLCJpYXQiOjE3NjY5NTI5MTQsImV4cCI6MTc2NzU1NzcxNH0.6v_1Topf4MBnS1Jktq4foXoMtXLoJ2vpyYNqZQFLB3c; Max-Age=604800; Path=/; Expires=Sun, 04 Jan 2026 20:15:14 GMT; HttpOnly; SameSite=Lax"},{"name":"Set-Cookie","value":"email=demo%40haypbooks.test; Max-Age=604800; Path=/; Expires=Sun, 04 Jan 2026 20:15:14 GMT; HttpOnly; SameSite=Lax"},{"name":"Set-Cookie","value":"userId=47e73b64-b094-4f62-b28b-ab05dc8de98e; Max-Age=604800; Path=/; Expires=Sun, 04 Jan 2026 20:15:14 GMT; HttpOnly; SameSite=Lax"},{"name":"Set-Cookie","value":"role=both; Max-Age=604800; Path=/; Expires=Sun, 04 Jan 2026 20:15:14 GMT; HttpOnly; SameSite=Lax"},{"name":"Set-Cookie","value":"onboardingComplete=; Path=/; Expires=Thu, 01 Jan 1970 00:00:00 GMT"},{"name":"Set-Cookie","value":"onboardingOwnerComplete=; Path=/; Expires=Thu, 01 Jan 1970 00:00:00 GMT"},{"name":"Set-Cookie","value":"onboardingAccountantComplete=; Path=/; Expires=Thu, 01 Jan 1970 00:00:00 GMT"},{"name":"Set-Cookie","value":"isAccountant=true; Max-Age=604800; Path=/; Expires=Sun, 04 Jan 2026 20:15:14 GMT; HttpOnly; SameSite=Lax"},{"name":"Content-Type","value":"application/json; charset=utf-8"},{"name":"Content-Length","value":"851"},{"name":"ETag","value":"W/\"353-fRF+H7a17p+rJAJx4YjYXDO2C7o\""},{"name":"Date","value":"Sun, 28 Dec 2025 20:15:14 GMT"},{"name":"Connection","value":"keep-alive"},{"name":"Keep-Alive","value":"timeout=5"}],"fetchUid":"015cc89aac551c79d1525fc3edc95c11"}},"afterSnapshot":"after@call@19"}
