{"version":8,"type":"context-options","origin":"library","browserName":"","playwrightVersion":"1.57.0","options":{},"platform":"win32","wallTime":1766659225772,"monotonicTime":5114.702,"sdkLanguage":"javascript","contextId":"request-context@b84d61ad437b6a9a47db90eec4ba3b9c","title":"verification.pin.spec.ts:20 › PIN setup and verify flow (headed)"}
{"type":"before","callId":"call@13","startTime":5122.549,"class":"APIRequestContext","method":"fetch","params":{"url":"http://127.0.0.1:4000/api/health","method":"GET","timeout":10000},"stepId":"pw:api@36","beforeSnapshot":"before@call@13"}
{"type":"log","callId":"call@13","time":5130.97,"message":"→ GET http://127.0.0.1:4000/api/health"}
{"type":"log","callId":"call@13","time":5131.118,"message":"  user-agent: Mozilla/5.0 (Windows NT 10.0; Win64; x64) AppleWebKit/537.36 (KHTML, like Gecko) Chrome/143.0.7499.4 Safari/537.36"}
{"type":"log","callId":"call@13","time":5131.146,"message":"  accept: */*"}
{"type":"log","callId":"call@13","time":5131.169,"message":"  accept-encoding: gzip,deflate,br"}
{"type":"log","callId":"call@13","time":5142.704,"message":"← 200 OK"}
{"type":"log","callId":"call@13","time":5142.795,"message":"  x-powered-by: Express"}
{"type":"log","callId":"call@13","time":5142.819,"message":"  vary: Origin"}
{"type":"log","callId":"call@13","time":5142.837,"message":"  access-control-allow-credentials: true"}
{"type":"log","callId":"call@13","time":5142.85,"message":"  content-type: application/json; charset=utf-8"}
{"type":"log","callId":"call@13","time":5142.992,"message":"  content-length: 11"}
{"type":"log","callId":"call@13","time":5143.027,"message":"  etag: W/\"b-Ai2R8hgEarLmHKwesT1qcY913ys\""}
{"type":"log","callId":"call@13","time":5143.081,"message":"  date: Thu, 25 Dec 2025 10:40:25 GMT"}
{"type":"log","callId":"call@13","time":5143.106,"message":"  connection: keep-alive"}
{"type":"log","callId":"call@13","time":5143.128,"message":"  keep-alive: timeout=5"}
{"type":"after","callId":"call@13","endTime":5143.535,"result":{"response":{"url":"http://127.0.0.1:4000/api/health","status":200,"statusText":"OK","headers":[{"name":"X-Powered-By","value":"Express"},{"name":"Vary","value":"Origin"},{"name":"Access-Control-Allow-Credentials","value":"true"},{"name":"Content-Type","value":"application/json; charset=utf-8"},{"name":"Content-Length","value":"11"},{"name":"ETag","value":"W/\"b-Ai2R8hgEarLmHKwesT1qcY913ys\""},{"name":"Date","value":"Thu, 25 Dec 2025 10:40:25 GMT"},{"name":"Connection","value":"keep-alive"},{"name":"Keep-Alive","value":"timeout=5"}],"fetchUid":"af81537c32845c914154255c5391a380"}},"afterSnapshot":"after@call@13"}
{"type":"before","callId":"call@15","startTime":5151.471,"class":"APIRequestContext","method":"fetch","params":{"url":"http://127.0.0.1:4000/api/auth/signup","method":"POST","jsonData":"{\"email\":\"e2e-pin-1766659225774@haypbooks.test\",\"password\":\"PinDemo!23\",\"name\":\"Pin Demo\"}","timeout":10000},"stepId":"pw:api@37","beforeSnapshot":"before@call@15"}
{"type":"log","callId":"call@15","time":5154.084,"message":"→ POST http://127.0.0.1:4000/api/auth/signup"}
{"type":"log","callId":"call@15","time":5154.176,"message":"  user-agent: Mozilla/5.0 (Windows NT 10.0; Win64; x64) AppleWebKit/537.36 (KHTML, like Gecko) Chrome/143.0.7499.4 Safari/537.36"}
{"type":"log","callId":"call@15","time":5154.198,"message":"  accept: */*"}
{"type":"log","callId":"call@15","time":5154.235,"message":"  accept-encoding: gzip,deflate,br"}
{"type":"log","callId":"call@15","time":5154.252,"message":"  content-type: application/json"}
{"type":"log","callId":"call@15","time":5154.265,"message":"  content-length: 90"}
{"type":"log","callId":"call@15","time":5257.687,"message":"← 201 Created"}
{"type":"log","callId":"call@15","time":5257.733,"message":"  x-powered-by: Express"}
{"type":"log","callId":"call@15","time":5257.744,"message":"  vary: Origin"}
{"type":"log","callId":"call@15","time":5257.751,"message":"  access-control-allow-credentials: true"}
{"type":"log","callId":"call@15","time":5257.757,"message":"  set-cookie: token=eyJhbGciOiJIUzI1NiIsInR5cCI6IkpXVCJ9.eyJzdWIiOiJjbWpsYmFleTMwMDhjNTV2OGw5YTVpbjJ1IiwiZW1haWwiOiJlMmUtcGluLTE3NjY2NTkyMjU3NzRAaGF5cGJvb2tzLnRlc3QiLCJyb2xlIjoidXNlciIsImlhdCI6MTc2NjY1OTIyNSwiZXhwIjoxNzY3MjY0MDI1fQ.kMpx1upyUtiLzA8GDZNJ0nWPdotumaIp2ytEeggzkRU; Max-Age=604800; Path=/; Expires=Thu, 01 Jan 2026 10:40:25 GMT; HttpOnly; SameSite=Lax,email=e2e-pin-1766659225774%40haypbooks.test; Max-Age=604800; Path=/; Expires=Thu, 01 Jan 2026 10:40:25 GMT; HttpOnly; SameSite=Lax,userId=cmjlbaey3008c55v8l9a5in2u; Max-Age=604800; Path=/; Expires=Thu, 01 Jan 2026 10:40:25 GMT; HttpOnly; SameSite=Lax,role=user; Max-Age=604800; Path=/; Expires=Thu, 01 Jan 2026 10:40:25 GMT; HttpOnly; SameSite=Lax,isAccountant=false; Max-Age=604800; Path=/; Expires=Thu, 01 Jan 2026 10:40:25 GMT; HttpOnly; SameSite=Lax,onboardingMode=full; Max-Age=604800; Path=/; Expires=Thu, 01 Jan 2026 10:40:25 GMT; HttpOnly; SameSite=Lax"}
{"type":"log","callId":"call@15","time":5257.765,"message":"  content-type: application/json; charset=utf-8"}
{"type":"log","callId":"call@15","time":5257.771,"message":"  content-length: 709"}
{"type":"log","callId":"call@15","time":5257.777,"message":"  etag: W/\"2c5-fIMWrWNhh/MGYU/UBamfJcP6ZoM\""}
{"type":"log","callId":"call@15","time":5257.782,"message":"  date: Thu, 25 Dec 2025 10:40:25 GMT"}
{"type":"log","callId":"call@15","time":5257.789,"message":"  connection: keep-alive"}
{"type":"log","callId":"call@15","time":5257.804,"message":"  keep-alive: timeout=5"}
{"type":"after","callId":"call@15","endTime":5259.336,"result":{"response":{"url":"http://127.0.0.1:4000/api/auth/signup","status":201,"statusText":"Created","headers":[{"name":"X-Powered-By","value":"Express"},{"name":"Vary","value":"Origin"},{"name":"Access-Control-Allow-Credentials","value":"true"},{"name":"Set-Cookie","value":"token=eyJhbGciOiJIUzI1NiIsInR5cCI6IkpXVCJ9.eyJzdWIiOiJjbWpsYmFleTMwMDhjNTV2OGw5YTVpbjJ1IiwiZW1haWwiOiJlMmUtcGluLTE3NjY2NTkyMjU3NzRAaGF5cGJvb2tzLnRlc3QiLCJyb2xlIjoidXNlciIsImlhdCI6MTc2NjY1OTIyNSwiZXhwIjoxNzY3MjY0MDI1fQ.kMpx1upyUtiLzA8GDZNJ0nWPdotumaIp2ytEeggzkRU; Max-Age=604800; Path=/; Expires=Thu, 01 Jan 2026 10:40:25 GMT; HttpOnly; SameSite=Lax"},{"name":"Set-Cookie","value":"email=e2e-pin-1766659225774%40haypbooks.test; Max-Age=604800; Path=/; Expires=Thu, 01 Jan 2026 10:40:25 GMT; HttpOnly; SameSite=Lax"},{"name":"Set-Cookie","value":"userId=cmjlbaey3008c55v8l9a5in2u; Max-Age=604800; Path=/; Expires=Thu, 01 Jan 2026 10:40:25 GMT; HttpOnly; SameSite=Lax"},{"name":"Set-Cookie","value":"role=user; Max-Age=604800; Path=/; Expires=Thu, 01 Jan 2026 10:40:25 GMT; HttpOnly; SameSite=Lax"},{"name":"Set-Cookie","value":"isAccountant=false; Max-Age=604800; Path=/; Expires=Thu, 01 Jan 2026 10:40:25 GMT; HttpOnly; SameSite=Lax"},{"name":"Set-Cookie","value":"onboardingMode=full; Max-Age=604800; Path=/; Expires=Thu, 01 Jan 2026 10:40:25 GMT; HttpOnly; SameSite=Lax"},{"name":"Content-Type","value":"application/json; charset=utf-8"},{"name":"Content-Length","value":"709"},{"name":"ETag","value":"W/\"2c5-fIMWrWNhh/MGYU/UBamfJcP6ZoM\""},{"name":"Date","value":"Thu, 25 Dec 2025 10:40:25 GMT"},{"name":"Connection","value":"keep-alive"},{"name":"Keep-Alive","value":"timeout=5"}],"fetchUid":"62dd20dd1ca92b46b169187c5bcd0f21"}},"afterSnapshot":"after@call@15"}
{"type":"before","callId":"call@18","startTime":5272.985,"class":"APIRequestContext","method":"fetch","params":{"url":"http://127.0.0.1:4000/api/test/update-user","method":"POST","jsonData":"{\"email\":\"e2e-pin-1766659225774@haypbooks.test\",\"data\":{\"isEmailVerified\":true,\"hasPin\":false}}","timeout":10000},"stepId":"pw:api@39","beforeSnapshot":"before@call@18"}
{"type":"log","callId":"call@18","time":5274.909,"message":"→ POST http://127.0.0.1:4000/api/test/update-user"}
{"type":"log","callId":"call@18","time":5274.954,"message":"  user-agent: Mozilla/5.0 (Windows NT 10.0; Win64; x64) AppleWebKit/537.36 (KHTML, like Gecko) Chrome/143.0.7499.4 Safari/537.36"}
{"type":"log","callId":"call@18","time":5274.975,"message":"  accept: */*"}
{"type":"log","callId":"call@18","time":5274.991,"message":"  accept-encoding: gzip,deflate,br"}
{"type":"log","callId":"call@18","time":5275.007,"message":"  content-type: application/json"}
{"type":"log","callId":"call@18","time":5275.022,"message":"  content-length: 95"}
{"type":"log","callId":"call@18","time":5275.037,"message":"  cookie: token=eyJhbGciOiJIUzI1NiIsInR5cCI6IkpXVCJ9.eyJzdWIiOiJjbWpsYmFleTMwMDhjNTV2OGw5YTVpbjJ1IiwiZW1haWwiOiJlMmUtcGluLTE3NjY2NTkyMjU3NzRAaGF5cGJvb2tzLnRlc3QiLCJyb2xlIjoidXNlciIsImlhdCI6MTc2NjY1OTIyNSwiZXhwIjoxNzY3MjY0MDI1fQ.kMpx1upyUtiLzA8GDZNJ0nWPdotumaIp2ytEeggzkRU; email=e2e-pin-1766659225774%40haypbooks.test; userId=cmjlbaey3008c55v8l9a5in2u; role=user; isAccountant=false; onboardingMode=full"}
{"type":"log","callId":"call@18","time":5279.475,"message":"← 403 Forbidden"}
{"type":"log","callId":"call@18","time":5279.528,"message":"  x-powered-by: Express"}
{"type":"log","callId":"call@18","time":5279.542,"message":"  vary: Origin"}
{"type":"log","callId":"call@18","time":5279.555,"message":"  access-control-allow-credentials: true"}
{"type":"log","callId":"call@18","time":5279.571,"message":"  content-type: application/json; charset=utf-8"}
{"type":"log","callId":"call@18","time":5279.587,"message":"  content-length: 164"}
{"type":"log","callId":"call@18","time":5279.601,"message":"  etag: W/\"a4-MtDaO1ssLugjtLFHMgJ3DU4+HBY\""}
{"type":"log","callId":"call@18","time":5279.615,"message":"  date: Thu, 25 Dec 2025 10:40:25 GMT"}
{"type":"log","callId":"call@18","time":5279.673,"message":"  connection: keep-alive"}
{"type":"log","callId":"call@18","time":5279.69,"message":"  keep-alive: timeout=5"}
{"type":"after","callId":"call@18","endTime":5280.07,"result":{"response":{"url":"http://127.0.0.1:4000/api/test/update-user","status":403,"statusText":"Forbidden","headers":[{"name":"X-Powered-By","value":"Express"},{"name":"Vary","value":"Origin"},{"name":"Access-Control-Allow-Credentials","value":"true"},{"name":"Content-Type","value":"application/json; charset=utf-8"},{"name":"Content-Length","value":"164"},{"name":"ETag","value":"W/\"a4-MtDaO1ssLugjtLFHMgJ3DU4+HBY\""},{"name":"Date","value":"Thu, 25 Dec 2025 10:40:25 GMT"},{"name":"Connection","value":"keep-alive"},{"name":"Keep-Alive","value":"timeout=5"}],"fetchUid":"19656397039e8ea17c34ea6ad045c1d1"}},"afterSnapshot":"after@call@18"}
{"type":"before","callId":"call@20","startTime":5283.371,"class":"APIRequestContext","method":"fetch","params":{"url":"http://127.0.0.1:4000/api/auth/login","method":"POST","jsonData":"{\"email\":\"e2e-pin-1766659225774@haypbooks.test\",\"password\":\"PinDemo!23\"}","timeout":10000},"stepId":"pw:api@40","beforeSnapshot":"before@call@20"}
{"type":"log","callId":"call@20","time":5284.941,"message":"→ POST http://127.0.0.1:4000/api/auth/login"}
{"type":"log","callId":"call@20","time":5284.996,"message":"  user-agent: Mozilla/5.0 (Windows NT 10.0; Win64; x64) AppleWebKit/537.36 (KHTML, like Gecko) Chrome/143.0.7499.4 Safari/537.36"}
{"type":"log","callId":"call@20","time":5285.012,"message":"  accept: */*"}
{"type":"log","callId":"call@20","time":5285.027,"message":"  accept-encoding: gzip,deflate,br"}
{"type":"log","callId":"call@20","time":5285.039,"message":"  content-type: application/json"}
{"type":"log","callId":"call@20","time":5285.051,"message":"  content-length: 72"}
{"type":"log","callId":"call@20","time":5285.063,"message":"  cookie: token=eyJhbGciOiJIUzI1NiIsInR5cCI6IkpXVCJ9.eyJzdWIiOiJjbWpsYmFleTMwMDhjNTV2OGw5YTVpbjJ1IiwiZW1haWwiOiJlMmUtcGluLTE3NjY2NTkyMjU3NzRAaGF5cGJvb2tzLnRlc3QiLCJyb2xlIjoidXNlciIsImlhdCI6MTc2NjY1OTIyNSwiZXhwIjoxNzY3MjY0MDI1fQ.kMpx1upyUtiLzA8GDZNJ0nWPdotumaIp2ytEeggzkRU; email=e2e-pin-1766659225774%40haypbooks.test; userId=cmjlbaey3008c55v8l9a5in2u; role=user; isAccountant=false; onboardingMode=full"}
{"type":"log","callId":"call@20","time":5381.846,"message":"← 200 OK"}
{"type":"log","callId":"call@20","time":5381.888,"message":"  x-powered-by: Express"}
{"type":"log","callId":"call@20","time":5381.905,"message":"  vary: Origin"}
{"type":"log","callId":"call@20","time":5381.922,"message":"  access-control-allow-credentials: true"}
{"type":"log","callId":"call@20","time":5381.936,"message":"  set-cookie: token=eyJhbGciOiJIUzI1NiIsInR5cCI6IkpXVCJ9.eyJzdWIiOiJjbWpsYmFleTMwMDhjNTV2OGw5YTVpbjJ1IiwiZW1haWwiOiJlMmUtcGluLTE3NjY2NTkyMjU3NzRAaGF5cGJvb2tzLnRlc3QiLCJyb2xlIjoidXNlciIsImlhdCI6MTc2NjY1OTIyNiwiZXhwIjoxNzY2NjYwMTI2fQ.VWQdaxpC7NJQjBb0uw6Aw-WFxfsE77qXVmaSe0j-Kuc; Max-Age=900; Path=/; Expires=Thu, 25 Dec 2025 10:55:26 GMT; HttpOnly; SameSite=Lax,refreshToken=eyJhbGciOiJIUzI1NiIsInR5cCI6IkpXVCJ9.eyJzdWIiOiJjbWpsYmFleTMwMDhjNTV2OGw5YTVpbjJ1IiwiaWF0IjoxNzY2NjU5MjI2LCJleHAiOjE3NjcyNjQwMjZ9.vGQFYKlZVzY4QPSz_d_ImRZGwm51jr-WwRnqqXkD-Ds; Max-Age=604800; Path=/; Expires=Thu, 01 Jan 2026 10:40:26 GMT; HttpOnly; SameSite=Lax,email=e2e-pin-1766659225774%40haypbooks.test; Max-Age=604800; Path=/; Expires=Thu, 01 Jan 2026 10:40:26 GMT; HttpOnly; SameSite=Lax,userId=cmjlbaey3008c55v8l9a5in2u; Max-Age=604800; Path=/; Expires=Thu, 01 Jan 2026 10:40:26 GMT; HttpOnly; SameSite=Lax,role=user; Max-Age=604800; Path=/; Expires=Thu, 01 Jan 2026 10:40:26 GMT; HttpOnly; SameSite=Lax,onboardingComplete=; Path=/; Expires=Thu, 01 Jan 1970 00:00:00 GMT,onboardingOwnerComplete=; Path=/; Expires=Thu, 01 Jan 1970 00:00:00 GMT,onboardingAccountantComplete=; Path=/; Expires=Thu, 01 Jan 1970 00:00:00 GMT,isAccountant=false; Max-Age=604800; Path=/; Expires=Thu, 01 Jan 2026 10:40:26 GMT; HttpOnly; SameSite=Lax"}
{"type":"log","callId":"call@20","time":5381.953,"message":"  content-type: application/json; charset=utf-8"}
{"type":"log","callId":"call@20","time":5381.967,"message":"  content-length: 909"}
{"type":"log","callId":"call@20","time":5381.981,"message":"  etag: W/\"38d-X2OV2lSNmwYvYV3cKz4yg3vR4SQ\""}
{"type":"log","callId":"call@20","time":5381.995,"message":"  date: Thu, 25 Dec 2025 10:40:26 GMT"}
{"type":"log","callId":"call@20","time":5382.009,"message":"  connection: keep-alive"}
{"type":"log","callId":"call@20","time":5382.025,"message":"  keep-alive: timeout=5"}
{"type":"after","callId":"call@20","endTime":5383.379,"result":{"response":{"url":"http://127.0.0.1:4000/api/auth/login","status":200,"statusText":"OK","headers":[{"name":"X-Powered-By","value":"Express"},{"name":"Vary","value":"Origin"},{"name":"Access-Control-Allow-Credentials","value":"true"},{"name":"Set-Cookie","value":"token=eyJhbGciOiJIUzI1NiIsInR5cCI6IkpXVCJ9.eyJzdWIiOiJjbWpsYmFleTMwMDhjNTV2OGw5YTVpbjJ1IiwiZW1haWwiOiJlMmUtcGluLTE3NjY2NTkyMjU3NzRAaGF5cGJvb2tzLnRlc3QiLCJyb2xlIjoidXNlciIsImlhdCI6MTc2NjY1OTIyNiwiZXhwIjoxNzY2NjYwMTI2fQ.VWQdaxpC7NJQjBb0uw6Aw-WFxfsE77qXVmaSe0j-Kuc; Max-Age=900; Path=/; Expires=Thu, 25 Dec 2025 10:55:26 GMT; HttpOnly; SameSite=Lax"},{"name":"Set-Cookie","value":"refreshToken=eyJhbGciOiJIUzI1NiIsInR5cCI6IkpXVCJ9.eyJzdWIiOiJjbWpsYmFleTMwMDhjNTV2OGw5YTVpbjJ1IiwiaWF0IjoxNzY2NjU5MjI2LCJleHAiOjE3NjcyNjQwMjZ9.vGQFYKlZVzY4QPSz_d_ImRZGwm51jr-WwRnqqXkD-Ds; Max-Age=604800; Path=/; Expires=Thu, 01 Jan 2026 10:40:26 GMT; HttpOnly; SameSite=Lax"},{"name":"Set-Cookie","value":"email=e2e-pin-1766659225774%40haypbooks.test; Max-Age=604800; Path=/; Expires=Thu, 01 Jan 2026 10:40:26 GMT; HttpOnly; SameSite=Lax"},{"name":"Set-Cookie","value":"userId=cmjlbaey3008c55v8l9a5in2u; Max-Age=604800; Path=/; Expires=Thu, 01 Jan 2026 10:40:26 GMT; HttpOnly; SameSite=Lax"},{"name":"Set-Cookie","value":"role=user; Max-Age=604800; Path=/; Expires=Thu, 01 Jan 2026 10:40:26 GMT; HttpOnly; SameSite=Lax"},{"name":"Set-Cookie","value":"onboardingComplete=; Path=/; Expires=Thu, 01 Jan 1970 00:00:00 GMT"},{"name":"Set-Cookie","value":"onboardingOwnerComplete=; Path=/; Expires=Thu, 01 Jan 1970 00:00:00 GMT"},{"name":"Set-Cookie","value":"onboardingAccountantComplete=; Path=/; Expires=Thu, 01 Jan 1970 00:00:00 GMT"},{"name":"Set-Cookie","value":"isAccountant=false; Max-Age=604800; Path=/; Expires=Thu, 01 Jan 2026 10:40:26 GMT; HttpOnly; SameSite=Lax"},{"name":"Content-Type","value":"application/json; charset=utf-8"},{"name":"Content-Length","value":"909"},{"name":"ETag","value":"W/\"38d-X2OV2lSNmwYvYV3cKz4yg3vR4SQ\""},{"name":"Date","value":"Thu, 25 Dec 2025 10:40:26 GMT"},{"name":"Connection","value":"keep-alive"},{"name":"Keep-Alive","value":"timeout=5"}],"fetchUid":"5b6159d478f372c8b24b369f68c0288e"}},"afterSnapshot":"after@call@20"}
